[INFO] 2025-06-17 21:19:22 DataTypes.sh successful
[INFO] 2025-06-17 21:19:22 TypeCasting.sh successful
[INFO] 2025-06-17 21:19:23 Variables.sh successful
[INFO] 2025-06-17 21:19:23 ArrayLists.sh successful
[INFO] 2025-06-17 21:19:23 Comparables.sh successful
[INFO] 2025-06-17 21:19:23 Comparators.sh successful
[INFO] 2025-06-17 21:19:23 Deques.sh successful
[INFO] 2025-06-17 21:19:23 EmployeeManagement.sh successful
[INFO] 2025-06-17 21:19:24 HashMaps.sh successful
[INFO] 2025-06-17 21:19:24 HashSets.sh successful
[INFO] 2025-06-17 21:19:24 Iterators.sh successful
[INFO] 2025-06-17 21:19:24 LinkedLists.sh successful
[INFO] 2025-06-17 21:19:24 Queues.sh successful
[INFO] 2025-06-17 21:19:25 TreeSets.sh successful
[INFO] 2025-06-17 21:19:26 Enums.sh successful
[INFO] 2025-06-17 21:19:26 EnumsWithSwitch.sh successful
[INFO] 2025-06-17 21:19:26 Status.sh successful
[INFO] 2025-06-17 21:19:26 AgeValidator.sh successful
[INFO] 2025-06-17 21:19:26 Arithmetics.sh successful
[INFO] 2025-06-17 21:19:27 ExceptionHandling.sh successful
[INFO] 2025-06-17 21:19:27 Throw.sh successful
[INFO] 2025-06-17 21:19:27 Throws.sh successful
[INFO] 2025-06-17 21:19:27 TryCatchFinally.sh successful
[INFO] 2025-06-17 21:19:28 AnonymousInner.sh successful
[INFO] 2025-06-17 21:19:28 LocalInnerClass.sh successful
[INFO] 2025-06-17 21:19:29 MemberInnerClass.sh successful
[INFO] 2025-06-17 21:19:29 OuterClass.sh successful
[INFO] 2025-06-17 21:19:30 BufferedReader.sh successful
[INFO] 2025-06-17 21:19:30 ByteStream.sh successful
[INFO] 2025-06-17 21:19:30 CharacterStream.sh successful
[INFO] 2025-06-17 21:19:31 FileReader.sh successful
[INFO] 2025-06-17 21:19:31 FileWriter.sh successful
[INFO] 2025-06-17 21:19:31 Serialization.sh successful
[INFO] 2025-06-17 21:19:31 ObjectMethods.sh successful
[INFO] 2025-06-17 21:19:31 StringTokenizers.sh successful
