2025-06-17T20:25:22.935+05:30  INFO 4680 --- [j] [main] com.bankingApp.j.JApplication            : Starting JApplication using Java 21.0.6 with PID 4680 (C:\WorkSpace\BankAppService\target\classes started by 10827937 in C:\WorkSpace)
2025-06-17T20:25:22.961+05:30  INFO 4680 --- [j] [main] com.bankingApp.j.JApplication            : No active profile set, falling back to 1 default profile: "default"
2025-06-17T20:25:26.233+05:30  INFO 4680 --- [j] [main] .s.d.r.c.RepositoryConfigurationDelegate : Bootstrapping Spring Data JPA repositories in DEFAULT mode.
2025-06-17T20:25:26.338+05:30  INFO 4680 --- [j] [main] .s.d.r.c.RepositoryConfigurationDelegate : Finished Spring Data repository scanning in 90 ms. Found 2 JPA repository interfaces.
2025-06-17T20:25:28.129+05:30  INFO 4680 --- [j] [main] o.s.b.w.embedded.tomcat.TomcatWebServer  : Tomcat initialized with port 8080 (http)
2025-06-17T20:25:28.156+05:30  INFO 4680 --- [j] [main] o.apache.catalina.core.StandardService   : Starting service [Tomcat]
2025-06-17T20:25:28.157+05:30  INFO 4680 --- [j] [main] o.apache.catalina.core.StandardEngine    : Starting Servlet engine: [Apache Tomcat/10.1.41]
2025-06-17T20:25:28.309+05:30  INFO 4680 --- [j] [main] o.a.c.c.C.[Tomcat].[localhost].[/]       : Initializing Spring embedded WebApplicationContext
2025-06-17T20:25:28.310+05:30  INFO 4680 --- [j] [main] w.s.c.ServletWebServerApplicationContext : Root WebApplicationContext: initialization completed in 5186 ms
2025-06-17T20:25:29.191+05:30  INFO 4680 --- [j] [main] o.hibernate.jpa.internal.util.LogHelper  : HHH000204: Processing PersistenceUnitInfo [name: default]
2025-06-17T20:25:29.360+05:30  INFO 4680 --- [j] [main] org.hibernate.Version                    : HHH000412: Hibernate ORM core version 6.6.15.Final
2025-06-17T20:25:29.471+05:30  INFO 4680 --- [j] [main] o.h.c.internal.RegionFactoryInitiator    : HHH000026: Second-level cache disabled
2025-06-17T20:25:30.189+05:30  INFO 4680 --- [j] [main] o.s.o.j.p.SpringPersistenceUnitInfo      : No LoadTimeWeaver setup: ignoring JPA class transformer
2025-06-17T20:25:30.284+05:30  INFO 4680 --- [j] [main] com.zaxxer.hikari.HikariDataSource       : HikariPool-1 - Starting...
2025-06-17T20:25:30.772+05:30  INFO 4680 --- [j] [main] com.zaxxer.hikari.pool.HikariPool        : HikariPool-1 - Added connection org.postgresql.jdbc.PgConnection@29ba63f0
2025-06-17T20:25:30.777+05:30  INFO 4680 --- [j] [main] com.zaxxer.hikari.HikariDataSource       : HikariPool-1 - Start completed.
2025-06-17T20:25:30.898+05:30  WARN 4680 --- [j] [main] org.hibernate.orm.deprecation            : HHH90000025: PostgreSQLDialect does not need to be specified explicitly using 'hibernate.dialect' (remove the property setting and it will be selected by default)
2025-06-17T20:25:30.983+05:30  INFO 4680 --- [j] [main] org.hibernate.orm.connections.pooling    : HHH10001005: Database info:
	Database JDBC URL [Connecting through datasource 'HikariDataSource (HikariPool-1)']
	Database driver: undefined/unknown
	Database version: 17.3
	Autocommit mode: undefined/unknown
	Isolation level: undefined/unknown
	Minimum pool size: undefined/unknown
	Maximum pool size: undefined/unknown
2025-06-17T20:25:33.221+05:30  INFO 4680 --- [j] [main] o.h.e.t.j.p.i.JtaPlatformInitiator       : HHH000489: No JTA platform available (set 'hibernate.transaction.jta.platform' to enable JTA platform integration)
2025-06-17T20:25:33.347+05:30  INFO 4680 --- [j] [main] j.LocalContainerEntityManagerFactoryBean : Initialized JPA EntityManagerFactory for persistence unit 'default'
2025-06-17T20:25:34.785+05:30  WARN 4680 --- [j] [main] JpaBaseConfiguration$JpaWebConfiguration : spring.jpa.open-in-view is enabled by default. Therefore, database queries may be performed during view rendering. Explicitly configure spring.jpa.open-in-view to disable this warning
2025-06-17T20:25:34.933+05:30  INFO 4680 --- [j] [main] o.s.v.b.OptionalValidatorFactoryBean     : Failed to set up a Bean Validation provider: jakarta.validation.NoProviderFoundException: Unable to create a Configuration, because no Jakarta Bean Validation provider could be found. Add a provider like Hibernate Validator (RI) to your classpath.
2025-06-17T20:25:36.773+05:30  INFO 4680 --- [j] [main] o.s.b.a.e.web.EndpointLinksResolver      : Exposing 15 endpoints beneath base path '/actuator'
2025-06-17T20:25:37.063+05:30  INFO 4680 --- [j] [main] o.s.b.w.embedded.tomcat.TomcatWebServer  : Tomcat started on port 8080 (http) with context path '/'
2025-06-17T20:25:37.116+05:30  INFO 4680 --- [j] [main] com.bankingApp.j.JApplication            : Started JApplication in 15.374 seconds (process running for 16.536)
2025-06-17T20:25:37.498+05:30  WARN 4680 --- [j] [registrationTask1] d.c.b.a.c.r.ApplicationRegistrator       : Failed to register application as Application(name=j, managementUrl=http://5CD413013B:8080/actuator, healthUrl=http://5CD413013B:8080/actuator/health, serviceUrl=http://5CD413013B:8080/) at spring-boot-admin ([http://localhost:8081/instances]): I/O error on POST request for "http://localhost:8081/instances": null. Further attempts are logged on DEBUG level
2025-06-17T20:25:37.563+05:30  INFO 4680 --- [j] [RMI TCP Connection(2)-127.0.0.1] o.a.c.c.C.[Tomcat].[localhost].[/]       : Initializing Spring DispatcherServlet 'dispatcherServlet'
2025-06-17T20:25:37.564+05:30  INFO 4680 --- [j] [RMI TCP Connection(2)-127.0.0.1] o.s.web.servlet.DispatcherServlet        : Initializing Servlet 'dispatcherServlet'
2025-06-17T20:25:37.566+05:30  INFO 4680 --- [j] [RMI TCP Connection(2)-127.0.0.1] o.s.web.servlet.DispatcherServlet        : Completed initialization in 1 ms
2025-06-17T20:25:46.319+05:30  INFO 4680 --- [j] [SpringApplicationShutdownHook] o.s.b.w.e.tomcat.GracefulShutdown        : Commencing graceful shutdown. Waiting for active requests to complete
2025-06-17T20:25:46.326+05:30  INFO 4680 --- [j] [tomcat-shutdown] o.s.b.w.e.tomcat.GracefulShutdown        : Graceful shutdown complete
2025-06-17T20:25:46.336+05:30  INFO 4680 --- [j] [SpringApplicationShutdownHook] j.LocalContainerEntityManagerFactoryBean : Closing JPA EntityManagerFactory for persistence unit 'default'
2025-06-17T20:25:46.343+05:30  INFO 4680 --- [j] [SpringApplicationShutdownHook] com.zaxxer.hikari.HikariDataSource       : HikariPool-1 - Shutdown initiated...
2025-06-17T20:25:46.355+05:30  INFO 4680 --- [j] [SpringApplicationShutdownHook] com.zaxxer.hikari.HikariDataSource       : HikariPool-1 - Shutdown completed.
