⚠️  Skipping abstraction.py (uses input, not suitable for batch run).
⚠️  Skipping annotation.py (uses input, not suitable for batch run).
⚠️  Skipping annotationsource.py (uses input, not suitable for batch run).
⚠️  Skipping annotation_one.py (uses input, not suitable for batch run).
⚠️  Skipping anonymousexample.py (uses input, not suitable for batch run).
⚠️  Skipping 2Darray.py (uses input, not suitable for batch run).
⚠️  Skipping 2Dsorting.py (uses input, not suitable for batch run).
⚠️  Skipping binarysearchexample.py (uses input, not suitable for batch run).
⚠️  Skipping bubblesort.py (uses input, not suitable for batch run).
⚠️  Skipping onedimensionarray.py (uses input, not suitable for batch run).
⚠️  Skipping onedsort.py (uses input, not suitable for batch run).
⚠️  Skipping searching1D.py (uses input, not suitable for batch run).
⚠️  Skipping arraylistexample.py (uses input, not suitable for batch run).
⚠️  Skipping maxminarraylist.py (uses input, not suitable for batch run).
⚠️  Skipping removeduplicates.py (uses input, not suitable for batch run).
⚠️  Skipping reverse.py (uses input, not suitable for batch run).
⚠️  Skipping sorting.py (uses input, not suitable for batch run).
⚠️  Skipping ConstructorExample.py (uses input, not suitable for batch run).
⚠️  Skipping autounbox.py (uses input, not suitable for batch run).
⚠️  Skipping conversion.py (uses input, not suitable for batch run).
⚠️  Skipping ConversionExample.py (uses input, not suitable for batch run).
⚠️  Skipping IfelseExample.py (uses input, not suitable for batch run).
⚠️  Skipping JumpingExample.py (uses input, not suitable for batch run).
⚠️  Skipping JumpingStatementExample.py (uses input, not suitable for batch run).
⚠️  Skipping SwitchExample.py (uses input, not suitable for batch run).
⚠️  Skipping AnonymousInnerClassExample.py (uses input, not suitable for batch run).
⚠️  Skipping LocalInnerClassExample.py (uses input, not suitable for batch run).
⚠️  Skipping MemberInnerClassExample.py (uses input, not suitable for batch run).
⚠️  Skipping Car.py (uses input, not suitable for batch run).
⚠️  Skipping FunctionalInterface1.py (uses input, not suitable for batch run).
⚠️  Skipping InterfacePolymorphism.py (uses input, not suitable for batch run).
⚠️  Skipping Main.py (uses input, not suitable for batch run).
⚠️  Skipping Vehicle.py (uses input, not suitable for batch run).
⚠️  Skipping ByteStreamExample.py (uses input, not suitable for batch run).
⚠️  Skipping DoWhiles.py (uses input, not suitable for batch run).
⚠️  Skipping Fors.py (uses input, not suitable for batch run).
⚠️  Skipping Whiles.py (uses input, not suitable for batch run).
⚠️  Skipping HashMap1.py (uses input, not suitable for batch run).
⚠️  Skipping GarbageCollectionExample.py (uses input, not suitable for batch run).
⚠️  Skipping InstanceBlock.py (uses input, not suitable for batch run).
⚠️  Skipping Arithmetic.py (uses input, not suitable for batch run).
⚠️  Skipping Bitwise.py (uses input, not suitable for batch run).
⚠️  Skipping Logical.py (uses input, not suitable for batch run).
⚠️  Skipping Relational.py (uses input, not suitable for batch run).
⚠️  Skipping Handels2.py (uses input, not suitable for batch run).
